
                            < M A T L A B (R) >
                  Copyright 1984-2020 The MathWorks, Inc.
                  R2020a (9.8.0.1323502) 64-bit (glnxa64)
                             February 25, 2020

 
To get started, type doc.
For product information, visit www.mathworks.com.
 
>> >> >> >> >> >> >> >> >> >> >> >> >> >> >> >> >> >> Variables (index) internally transformed to log coordinates: 5.
inparams [1.0009765625, 1.0009765625, 1.0009765625, 0.10009765625, 9.99812698964853, 0.0999228515625, 0.10009765625]
IBS total time lapse 9.139527320861816
  362.9916

inparams [1.0009765625, 1.0009765625, 1.0009765625, 0.10009765625, 9.99812698964853, 0.0999228515625, 0.10009765625]
IBS total time lapse 7.485589981079102
  338.3585

Beginning optimization of a STOCHASTIC objective fcn.

 Iteration    f-count      E[f(x)]        SD[f(x)]           MeshScale          Method          Actions
     0           2         362.992             NaN               1                              Uncertainty test
inparams [0.869140625, 3.388671875, 4.619140625, 0.3876953125, 4.870480439052072, 0.06093847656250001, 0.49072265625]
IBS total time lapse 2.6547811031341553
  364.0610

inparams [1.181640625, 8.701171875, 1.181640625, 0.3564453125, 5.747500144037097, 0.17009472656250002, 0.00634765625]
IBS total time lapse 13.725125312805176
  513.9359

inparams [1.494140625, 0.263671875, 1.494140625, 0.8251953125, 0.24731042905450917, 0.09212597656249999, 0.45947265625]
IBS total time lapse 1.1130318641662598
  473.7726

inparams [1.806640625, 5.576171875, 3.056640625, 0.9189453125, 0.5659503954605118, 0.2012822265625, 0.03759765625]
IBS total time lapse 3.385251998901367
  439.0351

inparams [2.119140625, 9.638671875, 5.869140625, 0.5126953125, 0.1775939047559038, 0.1233134765625, 0.30322265625]
IBS total time lapse 3.037362575531006
  391.2030

inparams [2.431640625, 4.951171875, 9.931640625, 0.7314453125, 0.7881207146004565, 0.2324697265625, 0.19384765625]
IBS total time lapse 3.101119041442871
  402.7295

inparams [3.369140625, 5.888671875, 2.119140625, 0.6376953125, 18.315943803915996, 0.43518847656250004, 0.36572265625]
IBS total time lapse 1.3574974536895752
  477.2561

inparams [3.681640625, 1.201171875, 3.681640625, 0.6064453125, 1.5283453216861616, 0.2948447265625, 0.13134765625]
IBS total time lapse 1.659179925918579
  356.6155

inparams [4.619140625, 2.138671875, 8.369140625, 0.2626953125, 0.6678601875383422, 0.4975634765625, 0.42822265625]
IBS total time lapse 1.8273510932922363
  464.2659

inparams [4.931640625, 7.451171875, 7.431640625, 0.4814453125, 0.20957295813784801, 0.3572197265625, 0.06884765625]
IBS total time lapse 2.9237923622131348
  434.4827

inparams [5.869140625, 8.388671875, 9.619140625, 0.8876953125, 0.3443949746090154, 0.3104384765625, 0.24072265625]
IBS total time lapse 1.7907202243804932
  422.2205

inparams [6.181640625, 3.701171875, 6.181640625, 0.8564453125, 0.4064096326719291, 0.41959472656249996, 0.25634765625]
IBS total time lapse 1.626171588897705
  446.6036

inparams [6.806640625, 0.576171875, 8.056640625, 0.4189453125, 8.003747248906722, 0.4507822265625, 0.28759765625]
IBS total time lapse 1.4567923545837402
  445.0542

inparams [7.119140625, 4.638671875, 0.869140625, 0.0126953125, 2.511557087005948, 0.37281347656249997, 0.05322265625]
IBS total time lapse 18.859498262405396
  522.2158

inparams [7.431640625, 9.951171875, 4.931640625, 0.2314453125, 11.14571003375141, 0.48196972656250003, 0.44384765625]
IBS total time lapse 2.2512683868408203
  509.0090

inparams [8.369140625, 0.888671875, 7.119140625, 0.1376953125, 1.2951328067580734, 0.18568847656249998, 0.11572265625]
IBS total time lapse 11.737812280654907
  387.6096

inparams [8.681640625, 6.201171875, 8.681640625, 0.1064453125, 0.10807033409590203, 0.04534472656249999, 0.38134765625]
IBS total time lapse 8.792930841445923
  367.3220

inparams [9.306640625, 8.076171875, 5.556640625, 0.6689453125, 2.128314807702268, 0.0765322265625, 0.41259765625]
IBS total time lapse 2.08595609664917
  404.9589

inparams [9.619140625, 7.138671875, 3.369140625, 0.7626953125, 9.444969349857622, 0.2480634765625, 0.17822265625]
IBS total time lapse 1.9286038875579834
  387.2524

inparams [9.931640625, 2.451171875, 2.431640625, 0.9814453125, 2.963809197051935, 0.1077197265625, 0.31884765625]
IBS total time lapse 1.4319603443145752
  392.2426

     0          22         356.616             NaN               1            Initial mesh      
inparams [3.681640625, 1.201171875, 3.681640625, 0.6064453125, 1.5283453216861616, 0.04534472656249999, 0.13134765625]
IBS total time lapse 3.7116057872772217
  330.6744

inparams [3.681640625, 1.201171875, 3.681640625, 0.6064453125, 21.614066819180394, 0.2948447265625, 0.13134765625]
IBS total time lapse 1.779426097869873
  396.8541

inparams [8.681640625, 1.201171875, 3.681640625, 0.6064453125, 1.5283453216861616, 0.2948447265625, 0.13134765625]
IBS total time lapse 1.8310060501098633
  379.1943

inparams [3.681640625, 1.201171875, 3.681640625, 0.6064453125, 0.10807033409590203, 0.2948447265625, 0.13134765625]
IBS total time lapse 2.998558282852173
  396.0047

inparams [3.681640625, 1.201171875, 8.681640625, 0.6064453125, 1.5283453216861616, 0.2948447265625, 0.13134765625]
IBS total time lapse 2.4207849502563477
  389.8363

inparams [3.681640625, 1.201171875, 3.681640625, 0.1064453125, 1.5283453216861616, 0.2948447265625, 0.13134765625]
IBS total time lapse 5.776167869567871
  408.1933

inparams [3.681640625, 1.201171875, 3.681640625, 0.6064453125, 1.5283453216861616, 0.2948447265625, 0.38134765625]
IBS total time lapse 1.439556360244751
  403.2342

inparams [3.681640625, 6.201171875, 3.681640625, 0.6064453125, 1.5283453216861616, 0.2948447265625, 0.13134765625]
IBS total time lapse 2.6330955028533936
  404.4548

inparams [3.681640625, 1.201171875, 3.681640625, 0.6064453125, 1.5283453216861616, 0.5443447265625, 0.13134765625]
IBS total time lapse 1.2885427474975586
  475.6735

     1          31         330.677        0.995723               1         Successful poll      Train
inparams [0.0, 0.927734375, 6.0595703125, 0.1904296875, 0.9494854812191622, 2.5390625000010214e-05, 0.3037109375]
IBS total time lapse 16.753071546554565
  308.8679

     2          32         308.883        0.995877               1    Successful search (ES-wcm)      
inparams [2.7880859375, 0.341796875, 2.94921875, 0.0, 15.36129805345344, 2.5390625000010214e-05, 0.311279296875]
IBS total time lapse 12.273909091949463
  358.8821

inparams [0.0, 4.1357421875, 10.0, 0.0, 0.3645649406781424, 2.5390625000010214e-05, 0.4228515625]
IBS total time lapse 20.996903657913208
  353.0333

inparams [2.34375, 3.8818359375, 5.0927734375, 0.26025390625, 1.520457874964493, 0.0012436523437500124, 0.24658203125]
IBS total time lapse 8.499443292617798
  334.3596

inparams [1.07421875, 0.0, 4.296875, 0.35009765625, 2.453754481397272, 0.09578076171875, 0.22607421875]
IBS total time lapse 2.472593307495117
  393.7587

inparams [0.0, 0.6298828125, 6.4892578125, 0.0, 0.6116244831912538, 2.5390625000010214e-05, 0.429443359375]
IBS total time lapse 15.0279221534729
  317.4274

inparams [0.0, 0.0, 7.7099609375, 0.0400390625, 0.22943490330549632, 2.5390625000010214e-05, 0.2783203125]
IBS total time lapse 14.33686637878418
  370.6583

inparams [0.0, 0.9423828125, 6.9921875, 0.38525390625, 2.312008680490697, 2.5390625000010214e-05, 0.46484375]
IBS total time lapse 3.546642541885376
  346.0439

inparams [0.0634765625, 1.3916015625, 3.1982421875, 0.1796875, 1.3996543512490829, 2.5390625000010214e-05, 0.33984375]
IBS total time lapse 5.769714832305908
  361.0982

inparams [1.8896484375, 2.12890625, 6.640625, 0.13037109375, 1.1953202050999252, 0.03754785156250001, 0.2998046875]
IBS total time lapse 10.484228134155273
  315.2526

inparams [2.822265625, 0.7763671875, 7.490234375, 0.1474609375, 3.5891608902322973, 2.5390625000010214e-05, 0.30126953125]
IBS total time lapse 14.683677196502686
  298.2420

     2          42         298.267         1.00087               1    Successful search (ES-ell)      
inparams [0.0, 1.708984375, 7.05078125, 0.02197265625, 7.367832971690702, 2.5390625000010214e-05, 0.14111328125]
IBS total time lapse 62.08369255065918
  352.9602

inparams [8.037109375, 0.7763671875, 7.1044921875, 0.30029296875, 1.8270331539945834, 2.5390625000010214e-05, 0.276611328125]
IBS total time lapse 8.19227147102356
  320.1614

inparams [3.3837890625, 2.51953125, 7.2314453125, 0.05419921875, 3.211295607399505, 2.5390625000010214e-05, 0.40625]
IBS total time lapse 8.545472621917725
  309.5606

inparams [6.9287109375, 1.2109375, 5.8984375, 0.48291015625, 7.759089616143896, 0.03218750000000001, 0.114990234375]
IBS total time lapse 6.312519550323486
  317.3639

inparams [4.3017578125, 2.55859375, 7.6904296875, 0.57080078125, 2.195424286827642, 0.002218261718750003, 0.18505859375]
IBS total time lapse 9.968578100204468
  334.1480

inparams [4.1259765625, 0.986328125, 6.1962890625, 0.0, 1.8895247100140447, 2.5390625000010214e-05, 0.287109375]
IBS total time lapse 19.532365798950195
  303.0101

inparams [3.8427734375, 0.0, 6.943359375, 0.0, 4.084796420471523, 0.01366992187499999, 0.365966796875]
IBS total time lapse 7.7359535694122314
  358.3371

inparams [4.7314453125, 0.947265625, 6.0107421875, 0.30712890625, 3.626495358640377, 0.00026904296875002176, 0.22265625]
IBS total time lapse 11.530895471572876
  337.4583

inparams [4.9462890625, 2.24609375, 8.6669921875, 0.13427734375, 1.325641992337743, 0.0017309570312500078, 0.292724609375]
IBS total time lapse 14.956765413284302
  334.0371

inparams [0.0, 1.42578125, 7.880859375, 0.07080078125, 3.2531046486280917, 2.5390625000010214e-05, 0.2958984375]
IBS total time lapse 12.855505228042603
  305.3749

inparams [2.822265625, 0.7763671875, 7.490234375, 0.6474609375, 3.5891608902322973, 2.5390625000010214e-05, 0.30126953125]
IBS total time lapse 3.0691354274749756
  321.2366

inparams [2.822265625, 5.776367187499999, 7.490234375, 0.1474609375, 3.5891608902322973, 2.5390625000010214e-05, 0.30126953125]
IBS total time lapse 11.014923810958862
  324.1633

inparams [7.822265625, 0.7763671875, 7.490234375, 0.1474609375, 3.5891608902322973, 2.5390625000010214e-05, 0.30126953125]
IBS total time lapse 10.405555009841919
  301.5786

inparams [2.822265625, 0.7763671875, 7.490234375, 0.1474609375, 3.5891608902322973, 2.5390625000010214e-05, 0.05126953125]
IBS total time lapse 176.86574912071228
  329.2285

inparams [2.822265625, 0.7763671875, 7.490234375, 0.1474609375, 3.5891608902322973, 2.5390625000010214e-05, 0.55126953125]
IBS total time lapse 3.534478187561035
  339.8354

inparams [2.822265625, 0.7763671875, 2.490234375, 0.1474609375, 3.5891608902322973, 2.5390625000010214e-05, 0.30126953125]
IBS total time lapse 4.857447147369385
  330.1359

inparams [2.822265625, 0.7763671875, 7.490234375, 0.1474609375, 0.2537920004252804, 2.5390625000010214e-05, 0.30126953125]
IBS total time lapse 13.105962038040161
  296.9135

inparams [2.822265625, 0.7763671875, 7.490234375, 0.1474609375, 3.5891608902322973, 0.249525390625, 0.30126953125]
IBS total time lapse 4.598710298538208
  346.5124

     2          60         297.331        0.987507             0.5             Refine grid      Train
inparams [7.020263671875, 0.758056640625, 6.4892578125, 0.1748046875, 0.10032390707728205, 2.5390625000010214e-05, 0.326416015625]
IBS total time lapse 7.650033950805664
  337.6877

inparams [2.095947265625, 1.87255859375, 8.037109375, 0.15234375, 0.4795911720722553, 8.630371093748535e-05, 0.3272705078125]
IBS total time lapse 12.402863264083862
  337.4761

inparams [3.675537109375, 0.328369140625, 7.119140625, 0.2529296875, 0.35825391091744924, 0.018847534179687514, 0.3021240234375]
IBS total time lapse 6.791476488113403
  340.9015

inparams [1.77001953125, 2.613525390625, 7.25830078125, 0.213623046875, 0.17508483541427614, 0.0008781738281249951, 0.30596923828125]
IBS total time lapse 8.186835050582886
  314.9049

inparams [3.6865234375, 0.611572265625, 7.684326171875, 0.019287109375, 0.10571979705211688, 2.5390625000010214e-05, 0.30963134765625]
IBS total time lapse 14.188878774642944
  324.8364

inparams [4.759521484375, 1.763916015625, 6.734619140625, 0.1112060546875, 0.24397413923159073, 2.5390625000010214e-05, 0.29901123046875]
IBS total time lapse 13.726475238800049
  322.1517

inparams [2.171630859375, 1.14013671875, 8.131103515625, 0.2777099609375, 0.1777088038309566, 2.5390625000010214e-05, 0.303955078125]
IBS total time lapse 7.181676626205444
  313.3673

inparams [2.822265625, 3.2763671875, 7.490234375, 0.1474609375, 0.2537920004252804, 2.5390625000010214e-05, 0.30126953125]
IBS total time lapse 9.766415357589722
  329.3817

inparams [2.822265625, 0.7763671875, 9.990234375, 0.1474609375, 0.2537920004252804, 2.5390625000010214e-05, 0.30126953125]
IBS total time lapse 15.0999436378479
  327.5074

inparams [2.822265625, 0.7763671875, 7.490234375, 0.1474609375, 0.2537920004252804, 2.5390625000010214e-05, 0.17626953125]
IBS total time lapse 17.369640111923218
  317.2027

inparams [2.822265625, 0.7763671875, 7.490234375, 0.1474609375, 0.9544109817998927, 2.5390625000010214e-05, 0.30126953125]
IBS total time lapse 13.874972820281982
  345.4278

inparams [0.322265625, 0.7763671875, 7.490234375, 0.1474609375, 0.2537920004252804, 2.5390625000010214e-05, 0.30126953125]
IBS total time lapse 11.3098886013031
  335.3692

inparams [5.322265625, 0.7763671875, 7.490234375, 0.1474609375, 0.2537920004252804, 2.5390625000010214e-05, 0.30126953125]
IBS total time lapse 13.430874109268188
  326.7223

inparams [2.822265625, 0.7763671875, 4.990234375, 0.1474609375, 0.2537920004252804, 2.5390625000010214e-05, 0.30126953125]
IBS total time lapse 6.5662736892700195
  334.4297

inparams [2.822265625, 0.7763671875, 7.490234375, 0.3974609375, 0.2537920004252804, 2.5390625000010214e-05, 0.30126953125]
IBS total time lapse 6.823331832885742
  319.9860

inparams [2.822265625, 0.7763671875, 7.490234375, 0.1474609375, 0.2537920004252804, 0.12477539062500001, 0.30126953125]
IBS total time lapse 7.0129053592681885
  329.5154

inparams [2.822265625, 0.7763671875, 7.490234375, 0.1474609375, 0.2537920004252804, 2.5390625000010214e-05, 0.42626953125]
IBS total time lapse 6.333118200302124
  332.2492

     3          77         297.339        0.987498            0.25             Refine grid      Train
inparams [2.91351318359375, 0.9063720703125, 7.13897705078125, 0.16680908203125, 0.12061106125324061, 0.02094903564453124, 0.30908203125]
IBS total time lapse 11.931869983673096
  322.7566

inparams [2.762451171875, 0.89263916015625, 7.6202392578125, 0.200531005859375, 0.1079829989622127, 1.0162353515641431e-05, 0.2823944091796875]
IBS total time lapse 10.902377367019653
  309.4506

inparams [2.8515625, 0.80780029296875, 6.96868896484375, 0.134735107421875, 0.22630316521107088, 1.0162353515641431e-05, 0.321685791015625]
IBS total time lapse 15.215624332427979
  319.3190

inparams [2.87078857421875, 0.7080078125, 7.73040771484375, 0.1905517578125, 0.15853761065348476, 0.0014263916015624933, 0.31658935546875]
IBS total time lapse 9.46071195602417
  350.5006

inparams [3.49761962890625, 0.8966064453125, 7.60223388671875, 0.051177978515625, 0.26554617522440893, 0.003619262695312514, 0.300323486328125]
IBS total time lapse 14.522237300872803
  321.9965

inparams [2.606201171875, 1.30126953125, 7.70355224609375, 0.201995849609375, 0.26421846960346, 1.0162353515641431e-05, 0.280426025390625]
IBS total time lapse 10.043911695480347
  309.0157

inparams [2.69744873046875, 0.352783203125, 7.3626708984375, 0.13726806640625, 0.3280879249948565, 1.0162353515641431e-05, 0.29705810546875]
IBS total time lapse 5.818345546722412
  335.3815

inparams [2.822265625, 0.7763671875, 7.490234375, 0.0224609375, 0.2537920004252804, 2.5390625000010214e-05, 0.30126953125]
IBS total time lapse 19.941723346710205
  324.7856

inparams [2.822265625, 0.7763671875, 8.740234375, 0.1474609375, 0.2537920004252804, 2.5390625000010214e-05, 0.30126953125]
IBS total time lapse 14.623920679092407
  297.2220

inparams [2.822265625, 0.7763671875, 7.490234375, 0.1474609375, 0.2537920004252804, 0.062400390624999996, 0.30126953125]
IBS total time lapse 7.294331073760986
  355.7215

inparams [2.822265625, 0.7763671875, 7.490234375, 0.1474609375, 0.2537920004252804, 2.5390625000010214e-05, 0.23876953125]
IBS total time lapse 14.021304607391357
  310.3542

inparams [2.822265625, 0.7763671875, 7.490234375, 0.2724609375, 0.2537920004252804, 2.5390625000010214e-05, 0.30126953125]
IBS total time lapse 7.197414875030518
  278.7424

inparams [4.072265625, 0.7763671875, 7.490234375, 0.1474609375, 0.2537920004252804, 2.5390625000010214e-05, 0.30126953125]
IBS total time lapse 15.82129192352295
  340.0843

inparams [1.572265625, 0.7763671875, 7.490234375, 0.1474609375, 0.2537920004252804, 2.5390625000010214e-05, 0.30126953125]
IBS total time lapse 10.801098108291626
  345.3132

inparams [2.822265625, 0.7763671875, 7.490234375, 0.1474609375, 0.2537920004252804, 2.5390625000010214e-05, 0.36376953125]
IBS total time lapse 9.721181392669678
  332.6597

inparams [2.822265625, 0.7763671875, 6.240234375, 0.1474609375, 0.2537920004252804, 2.5390625000010214e-05, 0.30126953125]
IBS total time lapse 9.856904745101929
  322.7205

inparams [2.822265625, 0.7763671875, 7.490234375, 0.1474609375, 0.4921604131773, 2.5390625000010214e-05, 0.30126953125]
IBS total time lapse 10.216383457183838
  323.2267

     4          94         279.547         1.04648             0.5         Successful poll      
inparams [7.89794921875, 0.64453125, 8.399658203125, 0.21337890625, 0.26179450498573814, 0.0008172607421874922, 0.25640869140625]
IBS total time lapse 11.04107666015625
  316.7651

inparams [2.7685546875, 0.21728515625, 7.9638671875, 0.28515625, 0.25004462168451996, 2.5390625000010214e-05, 0.27655029296875]
IBS total time lapse 4.1548073291778564
  356.5873

inparams [2.574462890625, 1.163330078125, 6.96044921875, 0.3192138671875, 0.22825084133322115, 2.5390625000010214e-05, 0.31475830078125]
IBS total time lapse 5.644851922988892
  329.4128

inparams [3.02001953125, 0.86181640625, 8.258056640625, 0.2535400390625, 0.2505302546914809, 2.5390625000010214e-05, 0.28619384765625]
IBS total time lapse 7.460294723510742
  303.2973

inparams [2.51220703125, 0.799560546875, 7.686767578125, 0.2515869140625, 0.22256546487204862, 2.5390625000010214e-05, 0.29156494140625]
IBS total time lapse 8.385163068771362
  321.6048

inparams [2.191162109375, 1.234130859375, 7.31201171875, 0.169677734375, 0.24224455968963762, 0.030725585937499994, 0.32232666015625]
IBS total time lapse 6.571675777435303
  301.6447

inparams [3.087158203125, 0.718994140625, 7.17529296875, 0.26318359375, 0.2700493424768353, 8.630371093748535e-05, 0.3040771484375]
IBS total time lapse 10.811875104904175
  332.6500

inparams [2.822265625, 3.2763671875, 7.490234375, 0.2724609375, 0.2537920004252804, 2.5390625000010214e-05, 0.30126953125]
IBS total time lapse 11.639924764633179
  337.2374

inparams [2.822265625, 0.7763671875, 7.490234375, 0.2724609375, 0.2537920004252804, 2.5390625000010214e-05, 0.17626953125]
IBS total time lapse 15.523923397064209
  304.3905

inparams [2.822265625, 0.7763671875, 7.490234375, 0.2724609375, 0.2537920004252804, 0.12477539062500001, 0.30126953125]
IBS total time lapse 5.063551902770996
  353.6938

inparams [5.322265625, 0.7763671875, 7.490234375, 0.2724609375, 0.2537920004252804, 2.5390625000010214e-05, 0.30126953125]
IBS total time lapse 4.8173582553863525
  317.7078

inparams [2.822265625, 0.7763671875, 7.490234375, 0.2724609375, 0.2537920004252804, 2.5390625000010214e-05, 0.42626953125]
IBS total time lapse 4.289891004562378
  340.2940

inparams [2.822265625, 0.7763671875, 9.990234375, 0.2724609375, 0.2537920004252804, 2.5390625000010214e-05, 0.30126953125]
IBS total time lapse 10.522581815719604
  330.1489

inparams [0.322265625, 0.7763671875, 7.490234375, 0.2724609375, 0.2537920004252804, 2.5390625000010214e-05, 0.30126953125]
IBS total time lapse 10.53119444847107
  327.1747

inparams [2.822265625, 0.7763671875, 7.490234375, 0.2724609375, 0.9544109817998927, 2.5390625000010214e-05, 0.30126953125]
IBS total time lapse 5.69474720954895
  302.7191

inparams [2.822265625, 0.7763671875, 7.490234375, 0.5224609375, 0.2537920004252804, 2.5390625000010214e-05, 0.30126953125]
IBS total time lapse 3.4021263122558594
  286.9586

inparams [2.822265625, 0.7763671875, 4.990234375, 0.2724609375, 0.2537920004252804, 2.5390625000010214e-05, 0.30126953125]
IBS total time lapse 4.447872877120972
  331.7768

     5         111         279.737          1.0462            0.25             Refine grid      
inparams [2.750244140625, 0.87310791015625, 7.6458740234375, 0.27569580078125, 0.31692957497662977, 1.0162353515641431e-05, 0.3077850341796875]
IBS total time lapse 6.308185815811157
  292.2112

inparams [2.80548095703125, 0.8251953125, 7.79266357421875, 0.238555908203125, 0.265288680292174, 1.0162353515641431e-05, 0.271575927734375]
IBS total time lapse 9.754394292831421
  322.1019

inparams [2.84088134765625, 0.845947265625, 7.64678955078125, 0.261871337890625, 0.20644511473983407, 1.0162353515641431e-05, 0.3248291015625]
IBS total time lapse 7.017730474472046
  331.8424

inparams [2.7978515625, 0.68878173828125, 7.3236083984375, 0.28045654296875, 0.33854257110498187, 2.5390625000010214e-05, 0.3007965087890625]
IBS total time lapse 10.784968137741089
  336.5914

inparams [2.86041259765625, 0.8282470703125, 7.4560546875, 0.297607421875, 0.23152181101391808, 1.0162353515641431e-05, 0.2894439697265625]
IBS total time lapse 5.144386053085327
  343.0361

inparams [2.7886962890625, 0.7373046875, 7.66632080078125, 0.25103759765625, 0.2433831269174828, 1.0162353515641431e-05, 0.3046417236328125]
IBS total time lapse 8.06921124458313
  303.9819

inparams [2.70965576171875, 1.094970703125, 7.210693359375, 0.264495849609375, 0.32877828902441947, 0.0069542541503906374, 0.294219970703125]
IBS total time lapse 9.779488801956177
  314.2398

inparams [2.822265625, 2.0263671875, 7.490234375, 0.2724609375, 0.2537920004252804, 2.5390625000010214e-05, 0.30126953125]
IBS total time lapse 6.92829155921936
  328.4468

inparams [4.072265625, 0.7763671875, 7.490234375, 0.2724609375, 0.2537920004252804, 2.5390625000010214e-05, 0.30126953125]
IBS total time lapse 10.037307500839233
  314.4314

inparams [1.572265625, 0.7763671875, 7.490234375, 0.2724609375, 0.2537920004252804, 2.5390625000010214e-05, 0.30126953125]
IBS total time lapse 7.739565134048462
  298.2658

inparams [2.822265625, 0.7763671875, 6.240234375, 0.2724609375, 0.2537920004252804, 2.5390625000010214e-05, 0.30126953125]
IBS total time lapse 5.27595067024231
  332.5487

inparams [2.822265625, 0.7763671875, 8.740234375, 0.2724609375, 0.2537920004252804, 2.5390625000010214e-05, 0.30126953125]
IBS total time lapse 6.9140613079071045
  311.6552

inparams [2.822265625, 0.7763671875, 7.490234375, 0.2724609375, 0.4921604131773, 2.5390625000010214e-05, 0.30126953125]
IBS total time lapse 8.476586818695068
  309.7249

inparams [2.822265625, 0.7763671875, 7.490234375, 0.2724609375, 0.2537920004252804, 0.062400390624999996, 0.30126953125]
IBS total time lapse 3.6366915702819824
  303.3430

inparams [2.822265625, 0.7763671875, 7.490234375, 0.2724609375, 0.2537920004252804, 2.5390625000010214e-05, 0.36376953125]
IBS total time lapse 7.052914619445801
  345.7194

inparams [2.822265625, 0.7763671875, 7.490234375, 0.2724609375, 0.13087273530197924, 2.5390625000010214e-05, 0.30126953125]
IBS total time lapse 7.786967039108276
  315.7645

inparams [2.822265625, 0.7763671875, 7.490234375, 0.2724609375, 0.2537920004252804, 2.5390625000010214e-05, 0.23876953125]
IBS total time lapse 9.300061464309692
  311.8060

     6         128         280.899        0.950525           0.125             Refine grid      Train
inparams [2.566375732421875, 0.9210968017578125, 7.3955535888671875, 0.26122283935546875, 0.4631490883006383, 2.54821777345704e-06, 0.30913543701171875]
IBS total time lapse 5.9322450160980225
  318.7263

inparams [2.8536224365234375, 0.76385498046875, 7.7435302734375, 0.25400543212890625, 0.26045397048771507, 0.005347671508789065, 0.2913932800292969]
IBS total time lapse 8.138782024383545
  322.9883

inparams [2.48016357421875, 0.77056884765625, 7.4448394775390625, 0.2921905517578125, 0.24461602222772302, 1.3969421386705871e-05, 0.3041534423828125]
IBS total time lapse 13.628007650375366
  328.4853

inparams [3.115692138671875, 0.7818603515625, 7.5165557861328125, 0.262237548828125, 0.27613164858375944, 3.3004760742194605e-05, 0.3023338317871094]
IBS total time lapse 6.397734642028809
  326.3728

inparams [2.9701995849609375, 0.8892822265625, 7.4164581298828125, 0.2631683349609375, 0.3036119517700535, 0.0019708023071288994, 0.2977333068847656]
IBS total time lapse 9.340267658233643
  329.8217

inparams [2.77496337890625, 0.77362060546875, 7.28668212890625, 0.2552490234375, 0.23001993742226598, 2.54821777345704e-06, 0.29587554931640625]
IBS total time lapse 11.29489278793335
  332.1258

inparams [2.7777862548828125, 0.7817840576171875, 7.610321044921875, 0.29180908203125, 0.2670424231777301, 0.00015863800048826482, 0.3017311096191406]
IBS total time lapse 8.679032802581787
  323.9738

inparams [2.822265625, 1.4013671875, 7.490234375, 0.2724609375, 0.2537920004252804, 2.5390625000010214e-05, 0.30126953125]
IBS total time lapse 10.842871189117432
  331.8657

inparams [2.822265625, 0.7763671875, 7.490234375, 0.2724609375, 0.2537920004252804, 2.5390625000010214e-05, 0.33251953125]
IBS total time lapse 4.908631086349487
  327.5544

inparams [2.822265625, 0.7763671875, 8.115234375, 0.2724609375, 0.2537920004252804, 2.5390625000010214e-05, 0.30126953125]
IBS total time lapse 5.90723180770874
  362.8241

inparams [2.822265625, 0.7763671875, 7.490234375, 0.2724609375, 0.2537920004252804, 0.03121289062499999, 0.30126953125]
IBS total time lapse 14.574976682662964
  329.1691

inparams [2.822265625, 0.7763671875, 7.490234375, 0.2724609375, 0.3534209611644441, 2.5390625000010214e-05, 0.30126953125]
IBS total time lapse 7.940115928649902
  317.9716

inparams [2.822265625, 0.7763671875, 7.490234375, 0.2724609375, 0.1822483286436875, 2.5390625000010214e-05, 0.30126953125]
IBS total time lapse 6.303479909896851
  310.4808

inparams [2.822265625, 0.7763671875, 7.490234375, 0.2724609375, 0.2537920004252804, 2.5390625000010214e-05, 0.27001953125]
IBS total time lapse 7.825355052947998
  322.8299

inparams [2.197265625, 0.7763671875, 7.490234375, 0.2724609375, 0.2537920004252804, 2.5390625000010214e-05, 0.30126953125]
IBS total time lapse 8.772733688354492
  323.8248

inparams [2.822265625, 0.7763671875, 7.490234375, 0.2099609375, 0.2537920004252804, 2.5390625000010214e-05, 0.30126953125]
IBS total time lapse 8.73324728012085
  311.2170

inparams [2.822265625, 0.1513671875, 7.490234375, 0.2724609375, 0.2537920004252804, 2.5390625000010214e-05, 0.30126953125]
IBS total time lapse 2.6244430541992188
  318.5060

inparams [2.822265625, 0.7763671875, 6.865234375, 0.2724609375, 0.2537920004252804, 2.5390625000010214e-05, 0.30126953125]
IBS total time lapse 14.890337705612183
  332.3091

inparams [2.822265625, 0.7763671875, 7.490234375, 0.3349609375, 0.2537920004252804, 2.5390625000010214e-05, 0.30126953125]
IBS total time lapse 8.243716716766357
  325.6026

inparams [3.447265625, 0.7763671875, 7.490234375, 0.2724609375, 0.2537920004252804, 2.5390625000010214e-05, 0.30126953125]
IBS total time lapse 6.598224878311157
  330.7856

     7         148         278.993         1.01747          0.0625             Refine grid      Train
inparams [2.7505111694335938, 0.7598876953125, 7.54608154296875, 0.2663898468017578, 0.2566471252699077, 6.446838378693087e-07, 0.3032999038696289]
IBS total time lapse 6.5176849365234375
  332.6165

inparams [2.867412567138672, 0.7911109924316406, 7.460460662841797, 0.2772350311279297, 0.24912148982644633, 6.446838378693087e-07, 0.30197811126708984]
IBS total time lapse 6.182061433792114
  319.8184

inparams [2.8234481811523438, 0.7932090759277344, 7.486324310302734, 0.27005958557128906, 0.251883341306645, 0.00026142883300783737, 0.2980213165283203]
IBS total time lapse 9.459355592727661
  302.8672

inparams [2.7835655212402344, 0.7170867919921875, 7.501716613769531, 0.2748451232910156, 0.2524490693749355, 6.446838378693087e-07, 0.30129528045654297]
IBS total time lapse 7.348286390304565
  311.0613

inparams [2.8439903259277344, 0.8435249328613281, 7.499790191650391, 0.2705650329589844, 0.2603381847256015, 8.2588195800537e-06, 0.30526161193847656]
IBS total time lapse 6.646642208099365
  311.4501

inparams [2.8683090209960938, 0.7535934448242188, 7.4933624267578125, 0.2709674835205078, 0.2542026932538383, 6.446838378693087e-07, 0.3025350570678711]
IBS total time lapse 6.897046089172363
  317.9561

inparams [2.735767364501953, 0.8275604248046875, 7.478618621826172, 0.27402687072753906, 0.2626982199492865, 6.446838378693087e-07, 0.30162620544433594]
IBS total time lapse 7.1076178550720215
  316.3807

inparams [2.822265625, 0.7763671875, 7.490234375, 0.2724609375, 0.2537920004252804, 0.015619140625, 0.30126953125]
IBS total time lapse 5.157014846801758
  317.0407

inparams [2.822265625, 0.7763671875, 7.802734375, 0.2724609375, 0.2537920004252804, 2.5390625000010214e-05, 0.30126953125]
IBS total time lapse 11.009828329086304
  323.6161

inparams [2.822265625, 1.0888671875, 7.490234375, 0.2724609375, 0.2537920004252804, 2.5390625000010214e-05, 0.30126953125]
IBS total time lapse 10.906893014907837
  328.5487

inparams [2.822265625, 0.7763671875, 7.490234375, 0.2724609375, 0.21506549676934555, 2.5390625000010214e-05, 0.30126953125]
IBS total time lapse 7.11462140083313
  318.3511

inparams [2.822265625, 0.7763671875, 7.490234375, 0.2724609375, 0.29949192430873595, 2.5390625000010214e-05, 0.30126953125]
IBS total time lapse 6.418793678283691
  330.9882

inparams [2.822265625, 0.4638671875, 7.490234375, 0.2724609375, 0.2537920004252804, 2.5390625000010214e-05, 0.30126953125]
IBS total time lapse 6.2398059368133545
  304.7904

inparams [2.822265625, 0.7763671875, 7.490234375, 0.2412109375, 0.2537920004252804, 2.5390625000010214e-05, 0.30126953125]
IBS total time lapse 5.680330753326416
  307.0175

inparams [2.822265625, 0.7763671875, 7.490234375, 0.2724609375, 0.2537920004252804, 2.5390625000010214e-05, 0.28564453125]
IBS total time lapse 7.587917804718018
  318.6399

inparams [2.509765625, 0.7763671875, 7.490234375, 0.2724609375, 0.2537920004252804, 2.5390625000010214e-05, 0.30126953125]
IBS total time lapse 8.485160827636719
  318.5366

inparams [2.822265625, 0.7763671875, 7.177734375, 0.2724609375, 0.2537920004252804, 2.5390625000010214e-05, 0.30126953125]
IBS total time lapse 6.621760368347168
  331.5987

inparams [2.822265625, 0.7763671875, 7.490234375, 0.2724609375, 0.2537920004252804, 2.5390625000010214e-05, 0.31689453125]
IBS total time lapse 10.625566482543945
  323.9695

inparams [2.822265625, 0.7763671875, 7.490234375, 0.3037109375, 0.2537920004252804, 2.5390625000010214e-05, 0.30126953125]
IBS total time lapse 11.402448892593384
  332.4818

inparams [3.134765625, 0.7763671875, 7.490234375, 0.2724609375, 0.2537920004252804, 2.5390625000010214e-05, 0.30126953125]
IBS total time lapse 4.959635496139526
  324.3138

     8         168         279.062         1.03547         0.03125             Refine grid      Train
inparams [2.820463180541992, 0.7790184020996094, 7.489533424377441, 0.266294002532959, 0.25067650842260075, 3.800153732297362e-05, 0.30053234100341797]
IBS total time lapse 7.699982643127441
  322.2887

inparams [2.8235483169555664, 0.7733917236328125, 7.491960525512695, 0.2783985137939453, 0.25529102135216786, 1.6880035402788707e-07, 0.30225539207458496]
IBS total time lapse 6.471484184265137
  312.4414

inparams [2.826833724975586, 0.7780218124389648, 7.482452392578125, 0.2760028839111328, 0.25551105295808485, 0.00017148685455320445, 0.30008649826049805]
IBS total time lapse 8.883148670196533
  332.2056

inparams [2.800765037536621, 0.7788372039794922, 7.495365142822266, 0.27393007278442383, 0.2543305284556539, 1.6880035402788707e-07, 0.301084041595459]
IBS total time lapse 6.708596706390381
  346.7072

inparams [2.805342674255371, 0.7756423950195312, 7.498660087585449, 0.2693161964416504, 0.24944268517596377, 2.5152683258033992e-05, 0.3012828826904297]
IBS total time lapse 10.800859689712524
  308.1709

inparams [2.8422975540161133, 0.7769870758056641, 7.478461265563965, 0.27310991287231445, 0.2580769297100681, 2.5628566741930925e-05, 0.30109190940856934]
IBS total time lapse 5.471832990646362
  306.2007

inparams [2.8631973266601562, 0.8228874206542969, 7.521042823791504, 0.27134180068969727, 0.2549693810810742, 0.0002897439002990665, 0.3015279769897461]
IBS total time lapse 6.617381572723389
  313.7865

inparams [2.822265625, 0.9326171875, 7.490234375, 0.2724609375, 0.2537920004252804, 2.5390625000010214e-05, 0.30126953125]
IBS total time lapse 9.141034364700317
  334.3750

inparams [2.822265625, 0.7763671875, 7.490234375, 0.2724609375, 0.2537920004252804, 0.007822265624999991, 0.30126953125]
IBS total time lapse 6.896980047225952
  315.2459

inparams [2.822265625, 0.6201171875, 7.490234375, 0.2724609375, 0.2537920004252804, 2.5390625000010214e-05, 0.30126953125]
IBS total time lapse 10.429481029510498
  311.9579

inparams [2.666015625, 0.7763671875, 7.490234375, 0.2724609375, 0.2537920004252804, 2.5390625000010214e-05, 0.30126953125]
IBS total time lapse 7.038263559341431
  322.2766

inparams [2.822265625, 0.7763671875, 7.646484375, 0.2724609375, 0.2537920004252804, 2.5390625000010214e-05, 0.30126953125]
IBS total time lapse 9.53635835647583
  331.5541

inparams [2.822265625, 0.7763671875, 7.490234375, 0.2724609375, 0.2537920004252804, 2.5390625000010214e-05, 0.29345703125]
IBS total time lapse 7.490258693695068
  314.9654

inparams [2.822265625, 0.7763671875, 7.490234375, 0.2724609375, 0.2537920004252804, 2.5390625000010214e-05, 0.30908203125]
IBS total time lapse 4.591767311096191
  296.1733

inparams [2.822265625, 0.7763671875, 7.490234375, 0.2880859375, 0.2537920004252804, 2.5390625000010214e-05, 0.30126953125]
IBS total time lapse 7.157560110092163
  346.9594

inparams [2.822265625, 0.7763671875, 7.490234375, 0.2568359375, 0.2537920004252804, 2.5390625000010214e-05, 0.30126953125]
IBS total time lapse 5.765707492828369
  292.7105

inparams [2.978515625, 0.7763671875, 7.490234375, 0.2724609375, 0.2537920004252804, 2.5390625000010214e-05, 0.30126953125]
IBS total time lapse 10.433245420455933
  300.9706

inparams [2.822265625, 0.7763671875, 7.490234375, 0.2724609375, 0.2336277009422232, 2.5390625000010214e-05, 0.30126953125]
IBS total time lapse 5.486841201782227
  330.9231

inparams [2.822265625, 0.7763671875, 7.333984375, 0.2724609375, 0.2537920004252804, 2.5390625000010214e-05, 0.30126953125]
IBS total time lapse 6.159306526184082
  308.4165

inparams [2.822265625, 0.7763671875, 7.490234375, 0.2724609375, 0.2756966713283473, 2.5390625000010214e-05, 0.30126953125]
IBS total time lapse 8.522745609283447
  333.6439

     9         188         279.719           1.025        0.015625             Refine grid      Train
inparams [2.848573923110962, 0.7761728763580322, 7.488222122192383, 0.2717205286026001, 0.2554507028477383, 0.00010182940959929665, 0.3021860718727112]
IBS total time lapse 6.705671072006226
  331.1620

inparams [2.8067874908447266, 0.7766628265380859, 7.49327540397644, 0.2725898027420044, 0.25205617415809217, 7.393074035644265e-05, 0.3012133836746216]
IBS total time lapse 5.771663665771484
  317.2351

inparams [2.8000450134277344, 0.776299238204956, 7.487010955810547, 0.2731504440307617, 0.2537552950158891, 2.818644046781449e-05, 0.30116480588912964]
IBS total time lapse 6.4195556640625
  330.4129

inparams [2.8400468826293945, 0.7764744758605957, 7.494038343429565, 0.27192020416259766, 0.25321558599550575, 4.982948303977608e-08, 0.30096668004989624]
IBS total time lapse 9.125189065933228
  323.4530

inparams [2.8179609775543213, 0.7764685153961182, 7.4924468994140625, 0.2723599672317505, 0.25472519908704294, 4.982948303977608e-08, 0.30221986770629883]
IBS total time lapse 8.355614185333252
  328.7554

inparams [2.833726406097412, 0.7763123512268066, 7.486109733581543, 0.27239346504211426, 0.25199552592814006, 3.4551382064818004e-05, 0.3009427785873413]
IBS total time lapse 12.85727334022522
  343.8988

inparams [2.8157007694244385, 0.7762742042541504, 7.493221759796143, 0.27242982387542725, 0.25412130407980466, 3.151762485503751e-05, 0.2995702028274536]
IBS total time lapse 7.705205917358398
  319.6220

inparams [2.822265625, 0.6982421875, 7.490234375, 0.2724609375, 0.2537920004252804, 2.5390625000010214e-05, 0.30126953125]
IBS total time lapse 11.327698469161987
  310.1651

inparams [2.822265625, 0.8544921875, 7.490234375, 0.2724609375, 0.2537920004252804, 2.5390625000010214e-05, 0.30126953125]
IBS total time lapse 10.957631826400757
  341.1308

inparams [2.822265625, 0.7763671875, 7.412109375, 0.2724609375, 0.2537920004252804, 2.5390625000010214e-05, 0.30126953125]
IBS total time lapse 7.418521881103516
  299.4621

inparams [2.822265625, 0.7763671875, 7.568359375, 0.2724609375, 0.2537920004252804, 2.5390625000010214e-05, 0.30126953125]
IBS total time lapse 6.081584215164185
  293.9984

inparams [2.822265625, 0.7763671875, 7.490234375, 0.2646484375, 0.2537920004252804, 2.5390625000010214e-05, 0.30126953125]
IBS total time lapse 7.359180927276611
  332.5865

inparams [2.822265625, 0.7763671875, 7.490234375, 0.2724609375, 0.2537920004252804, 0.003923828125000001, 0.30126953125]
IBS total time lapse 7.923367023468018
  346.1414

inparams [2.822265625, 0.7763671875, 7.490234375, 0.2724609375, 0.2645176926540308, 2.5390625000010214e-05, 0.30126953125]
IBS total time lapse 6.677094459533691
  314.3199

inparams [2.822265625, 0.7763671875, 7.490234375, 0.2724609375, 0.2435012147339023, 2.5390625000010214e-05, 0.30126953125]
IBS total time lapse 7.005477428436279
  328.4231

inparams [2.822265625, 0.7763671875, 7.490234375, 0.2724609375, 0.2537920004252804, 2.5390625000010214e-05, 0.30517578125]
IBS total time lapse 6.178881645202637
  305.3113

inparams [2.822265625, 0.7763671875, 7.490234375, 0.2802734375, 0.2537920004252804, 2.5390625000010214e-05, 0.30126953125]
IBS total time lapse 6.276021957397461
  333.2882

inparams [2.822265625, 0.7763671875, 7.490234375, 0.2724609375, 0.2537920004252804, 2.5390625000010214e-05, 0.29736328125]
IBS total time lapse 9.077668905258179
  339.5273

inparams [2.900390625, 0.7763671875, 7.490234375, 0.2724609375, 0.2537920004252804, 2.5390625000010214e-05, 0.30126953125]
IBS total time lapse 8.408027410507202
  308.2146

inparams [2.744140625, 0.7763671875, 7.490234375, 0.2724609375, 0.2537920004252804, 2.5390625000010214e-05, 0.30126953125]
IBS total time lapse 12.23183536529541
  311.0566

    10         208         279.142          1.0278       0.0078125             Refine grid      
inparams [2.8254538774490356, 0.7762733101844788, 7.492912411689758, 0.2731630206108093, 0.25334840531850095, 9.741261601448059e-05, 0.30154840648174286]
IBS total time lapse 7.459387540817261
  320.0840

inparams [2.8194475173950195, 0.776388943195343, 7.488085627555847, 0.27153241634368896, 0.25392139325735813, 5.21540644005114e-09, 0.3012659549713135]
IBS total time lapse 8.305888891220093
  310.4847

inparams [2.828986644744873, 0.7764589786529541, 7.488362491130829, 0.27286437153816223, 0.25426989508045217, 8.087566494940912e-05, 0.3010862171649933]
IBS total time lapse 7.2972636222839355
  301.4887

inparams [2.8237557411193848, 0.7763949036598206, 7.4897730350494385, 0.27246320247650146, 0.253674529755907, 5.21540644005114e-09, 0.30110783874988556]
IBS total time lapse 7.210012197494507
  331.5181

inparams [2.837817966938019, 0.776439905166626, 7.486816942691803, 0.27325841784477234, 0.25445734309895757, 5.21540644005114e-09, 0.3022138625383377]
IBS total time lapse 8.208164930343628
  311.6918

inparams [2.810732126235962, 0.7762768864631653, 7.490197718143463, 0.2718278169631958, 0.25303604474486147, 5.21540644005114e-09, 0.30362342298030853]
IBS total time lapse 6.8311767578125
  316.9616

inparams [2.8369706869125366, 0.7764661312103271, 7.488115429878235, 0.2731088101863861, 0.25561282519689665, 7.054239511472549e-06, 0.30016323924064636]
IBS total time lapse 4.873459339141846
  305.0168

inparams [2.822265625, 0.8154296875, 7.490234375, 0.2724609375, 0.2537920004252804, 2.5390625000010214e-05, 0.30126953125]
IBS total time lapse 8.452373743057251
  337.3203

inparams [2.822265625, 0.7373046875, 7.490234375, 0.2724609375, 0.2537920004252804, 2.5390625000010214e-05, 0.30126953125]
IBS total time lapse 6.312063455581665
  311.5011

inparams [2.822265625, 0.7763671875, 7.529296875, 0.2724609375, 0.2537920004252804, 2.5390625000010214e-05, 0.30126953125]
IBS total time lapse 8.706670999526978
  323.7891

inparams [2.822265625, 0.7763671875, 7.451171875, 0.2724609375, 0.2537920004252804, 2.5390625000010214e-05, 0.30126953125]
IBS total time lapse 4.151325941085815
  286.0279

    11         219         286.381         1.03051        0.015625         Successful poll      
inparams [2.8263485431671143, 0.7765519618988037, 7.440316677093506, 0.2719557285308838, 0.2563058065872533, 4.982948303977608e-08, 0.3019496202468872]
IBS total time lapse 8.711385488510132
  328.5416

inparams [2.828108072280884, 0.7761836051940918, 7.449219226837158, 0.27249836921691895, 0.2516538765722349, 5.4835915565487614e-05, 0.300423264503479]
IBS total time lapse 8.150835037231445
  303.6842

inparams [2.8252220153808594, 0.7765746116638184, 7.454288005828857, 0.2724844217300415, 0.25346616521839654, 9.421110153118306e-07, 0.30212682485580444]
IBS total time lapse 10.819893836975098
  325.6108

inparams [2.8314316272735596, 0.7776129245758057, 7.4511730670928955, 0.2723156213760376, 0.254251667739927, 3.1279683113116796e-05, 0.3008027672767639]
IBS total time lapse 9.981574535369873
  328.1044

inparams [2.805732488632202, 0.7796251773834229, 7.451229095458984, 0.2728539705276489, 0.25384009414835906, 2.1643042564412074e-05, 0.301643431186676]
IBS total time lapse 5.64879035949707
  318.6991

inparams [2.8309285640716553, 0.7721006870269775, 7.4509501457214355, 0.27191710472106934, 0.25290965889310785, 2.491474151611328e-05, 0.30124127864837646]
IBS total time lapse 6.5965187549591064
  298.6921

inparams [2.841668128967285, 0.7837367057800293, 7.451438903808594, 0.2725101709365845, 0.25381861115922527, 2.479577064512517e-05, 0.30136626958847046]
IBS total time lapse 7.820412635803223
  326.8376

inparams [2.822265625, 0.6982421875, 7.451171875, 0.2724609375, 0.2537920004252804, 2.5390625000010214e-05, 0.30126953125]
IBS total time lapse 9.363907814025879
  320.8901

inparams [2.822265625, 0.8544921875, 7.451171875, 0.2724609375, 0.2537920004252804, 2.5390625000010214e-05, 0.30126953125]
IBS total time lapse 7.8969879150390625
  317.6542

inparams [2.822265625, 0.7763671875, 7.373046875, 0.2724609375, 0.2537920004252804, 2.5390625000010214e-05, 0.30126953125]
IBS total time lapse 4.898016452789307
  327.5188

inparams [2.822265625, 0.7763671875, 7.451171875, 0.2646484375, 0.2537920004252804, 2.5390625000010214e-05, 0.30126953125]
IBS total time lapse 5.919057369232178
  321.6930

inparams [2.744140625, 0.7763671875, 7.451171875, 0.2724609375, 0.2537920004252804, 2.5390625000010214e-05, 0.30126953125]
IBS total time lapse 7.7755677700042725
  330.3586

inparams [2.822265625, 0.7763671875, 7.451171875, 0.2724609375, 0.2537920004252804, 0.003923828125000001, 0.30126953125]
IBS total time lapse 7.223782777786255
  324.2197

inparams [2.822265625, 0.7763671875, 7.451171875, 0.2802734375, 0.2537920004252804, 2.5390625000010214e-05, 0.30126953125]
IBS total time lapse 5.266304969787598
  321.8709

inparams [2.822265625, 0.7763671875, 7.451171875, 0.2724609375, 0.2537920004252804, 2.5390625000010214e-05, 0.29736328125]
IBS total time lapse 7.329909563064575
  324.4077

inparams [2.822265625, 0.7763671875, 7.451171875, 0.2724609375, 0.2435012147339023, 2.5390625000010214e-05, 0.30126953125]
IBS total time lapse 6.693900108337402
  285.2524

inparams [2.822265625, 0.7763671875, 7.451171875, 0.2724609375, 0.2537920004252804, 2.5390625000010214e-05, 0.30517578125]
IBS total time lapse 7.581298112869263
  320.8095

inparams [2.822265625, 0.7763671875, 7.451171875, 0.2724609375, 0.2645176926540308, 2.5390625000010214e-05, 0.30126953125]
IBS total time lapse 6.458627223968506
  311.4183

inparams [2.900390625, 0.7763671875, 7.451171875, 0.2724609375, 0.2537920004252804, 2.5390625000010214e-05, 0.30126953125]
IBS total time lapse 6.941169500350952
  333.3178

    12         238         285.474         1.00797         0.03125         Successful poll      
inparams [2.8415489196777344, 0.7980775833129883, 7.4511003494262695, 0.2718167304992676, 0.24040512953179533, 2.6104450225827858e-05, 0.30158281326293945]
IBS total time lapse 6.8661651611328125
  323.0637

inparams [2.803339958190918, 0.8043050765991211, 7.450623512268066, 0.27234458923339844, 0.24500939023593765, 2.7056217193621723e-05, 0.3010685443878174]
IBS total time lapse 6.922193288803101
  318.8646

inparams [2.828035354614258, 0.7845878601074219, 7.451729774475098, 0.2728123664855957, 0.243858286422335, 2.3962974548319416e-05, 0.3012278079986572]
IBS total time lapse 7.635261058807373
  328.2091

inparams [2.8138303756713867, 0.7597255706787109, 7.450966835021973, 0.2726922035217285, 0.24348337488054164, 2.5152683258033992e-05, 0.301128625869751]
IBS total time lapse 8.689503192901611
  314.5548

inparams [2.953920364379883, 0.7234477996826172, 7.4735307693481445, 0.267362117767334, 0.2460906866222023, 1.6880035402788707e-07, 0.30075764656066895]
IBS total time lapse 7.231379985809326
  328.9482

inparams [2.833681106567383, 0.768733024597168, 7.451176643371582, 0.2721695899963379, 0.24443871868426081, 2.8721809387233233e-05, 0.30142712593078613]
IBS total time lapse 4.641441106796265
  311.1115

inparams [2.730083465576172, 0.7650184631347656, 7.477054595947266, 0.2713031768798828, 0.26086819405835504, 0.00026547384262087803, 0.30088353157043457]
IBS total time lapse 8.38090443611145
  338.7597

inparams [2.822265625, 0.7763671875, 7.451171875, 0.2568359375, 0.2435012147339023, 2.5390625000010214e-05, 0.30126953125]
IBS total time lapse 8.15697693824768
  308.2650

inparams [2.822265625, 0.7763671875, 7.607421875, 0.2724609375, 0.2435012147339023, 2.5390625000010214e-05, 0.30126953125]
IBS total time lapse 9.842902898788452
  327.6017

inparams [2.822265625, 0.7763671875, 7.294921875, 0.2724609375, 0.2435012147339023, 2.5390625000010214e-05, 0.30126953125]
IBS total time lapse 8.043822288513184
  329.8172

inparams [2.822265625, 0.7763671875, 7.451171875, 0.2724609375, 0.2435012147339023, 2.5390625000010214e-05, 0.30908203125]
IBS total time lapse 10.831733226776123
  343.4746

inparams [2.822265625, 0.7763671875, 7.451171875, 0.2724609375, 0.2435012147339023, 2.5390625000010214e-05, 0.29345703125]
IBS total time lapse 5.603084564208984
  307.5068

inparams [2.822265625, 0.7763671875, 7.451171875, 0.2880859375, 0.2435012147339023, 2.5390625000010214e-05, 0.30126953125]
IBS total time lapse 9.041763305664062
  335.8120

inparams [2.822265625, 0.7763671875, 7.451171875, 0.2724609375, 0.22415453946378008, 2.5390625000010214e-05, 0.30126953125]
IBS total time lapse 7.885600328445435
  330.5123

inparams [2.822265625, 0.7763671875, 7.451171875, 0.2724609375, 0.2435012147339023, 0.007822265624999991, 0.30126953125]
IBS total time lapse 8.929269075393677
  342.0155

inparams [2.822265625, 0.9326171875, 7.451171875, 0.2724609375, 0.2435012147339023, 2.5390625000010214e-05, 0.30126953125]
IBS total time lapse 12.120419025421143
  322.9423

inparams [2.666015625, 0.7763671875, 7.451171875, 0.2724609375, 0.2435012147339023, 2.5390625000010214e-05, 0.30126953125]
IBS total time lapse 8.921292066574097
  312.2062

inparams [2.978515625, 0.7763671875, 7.451171875, 0.2724609375, 0.2435012147339023, 2.5390625000010214e-05, 0.30126953125]
IBS total time lapse 7.091053247451782
  321.9885

inparams [2.822265625, 0.6201171875, 7.451171875, 0.2724609375, 0.2435012147339023, 2.5390625000010214e-05, 0.30126953125]
IBS total time lapse 5.968610048294067
  322.4171

    13         257         285.477         1.00793        0.015625             Refine grid      
inparams [2.8215038776397705, 0.7740747928619385, 7.4433815479278564, 0.27230894565582275, 0.24386706589153465, 2.491474151611328e-05, 0.3013206720352173]
IBS total time lapse 7.262438535690308
  327.8218

inparams [2.819887399673462, 0.7792806625366211, 7.462214231491089, 0.2725867033004761, 0.24650261760363032, 2.640187740327038e-05, 0.3009810447692871]
IBS total time lapse 9.644409418106079
  334.6200

inparams [2.8229594230651855, 0.7772862911224365, 7.449535131454468, 0.2725350856781006, 0.24250664379727613, 2.5509595870998325e-05, 0.3014790415763855]
IBS total time lapse 10.590713262557983
  310.1543

inparams [2.822537422180176, 0.775001049041748, 7.451246976852417, 0.2724583148956299, 0.24646681077190344, 2.634239196774857e-05, 0.3008410334587097]
IBS total time lapse 6.748288869857788
  302.3870

inparams [2.8223860263824463, 0.7775449752807617, 7.460646629333496, 0.2729487419128418, 0.2495889345786384, 2.491474151611328e-05, 0.3015173077583313]
IBS total time lapse 5.745945453643799
  328.2098

inparams [2.8276360034942627, 0.7677209377288818, 7.4639880657196045, 0.2720896005630493, 0.2549136670293213, 2.2356867790229717e-05, 0.3008907437324524]
IBS total time lapse 8.091001033782959
  329.7830

inparams [2.824646234512329, 0.7764124870300293, 7.450004816055298, 0.2723425626754761, 0.24410685212191194, 2.5747537612919036e-05, 0.3009635806083679]
IBS total time lapse 7.589017629623413
  314.1919

inparams [2.822265625, 0.6982421875, 7.451171875, 0.2724609375, 0.2435012147339023, 2.5390625000010214e-05, 0.30126953125]
IBS total time lapse 8.05350112915039
  308.0335

inparams [2.822265625, 0.7763671875, 7.451171875, 0.2646484375, 0.2435012147339023, 2.5390625000010214e-05, 0.30126953125]
IBS total time lapse 7.156439781188965
  308.0230

inparams [2.822265625, 0.7763671875, 7.451171875, 0.2724609375, 0.2435012147339023, 2.5390625000010214e-05, 0.30517578125]
IBS total time lapse 6.6526875495910645
  314.5273

inparams [2.744140625, 0.7763671875, 7.451171875, 0.2724609375, 0.2435012147339023, 2.5390625000010214e-05, 0.30126953125]
IBS total time lapse 5.990140676498413
  324.1539

inparams [2.900390625, 0.7763671875, 7.451171875, 0.2724609375, 0.2435012147339023, 2.5390625000010214e-05, 0.30126953125]
IBS total time lapse 7.150713205337524
  300.9234

inparams [2.822265625, 0.7763671875, 7.373046875, 0.2724609375, 0.2435012147339023, 2.5390625000010214e-05, 0.30126953125]
IBS total time lapse 8.206918239593506
  341.1342

inparams [2.822265625, 0.7763671875, 7.451171875, 0.2724609375, 0.2435012147339023, 2.5390625000010214e-05, 0.29736328125]
IBS total time lapse 9.234525918960571
  308.3388

inparams [2.822265625, 0.7763671875, 7.529296875, 0.2724609375, 0.2435012147339023, 2.5390625000010214e-05, 0.30126953125]
IBS total time lapse 8.299535751342773
  329.3930

inparams [2.822265625, 0.8544921875, 7.451171875, 0.2724609375, 0.2435012147339023, 2.5390625000010214e-05, 0.30126953125]
IBS total time lapse 12.26544737815857
  341.8399

inparams [2.822265625, 0.7763671875, 7.451171875, 0.2802734375, 0.2435012147339023, 2.5390625000010214e-05, 0.30126953125]
IBS total time lapse 8.194257020950317
  328.3734

inparams [2.822265625, 0.7763671875, 7.451171875, 0.2724609375, 0.2435012147339023, 0.003923828125000001, 0.30126953125]
IBS total time lapse 10.182072877883911
  341.5733

inparams [2.822265625, 0.7763671875, 7.451171875, 0.2724609375, 0.2336277009422232, 2.5390625000010214e-05, 0.30126953125]
IBS total time lapse 8.173366785049438
  314.3072

    14         276         286.803        0.985428       0.0078125             Refine grid      
inparams [2.819158434867859, 0.7719376683235168, 7.451768219470978, 0.2720966935157776, 0.2496593713159649, 2.6059836149228133e-05, 0.300697922706604]
IBS total time lapse 11.718917608261108
  348.6229

inparams [2.821650207042694, 0.7758766412734985, 7.455028593540192, 0.27268049120903015, 0.24319538842426447, 2.543523907660994e-05, 0.30137720704078674]
IBS total time lapse 8.721826314926147
  318.4489

inparams [2.821488082408905, 0.7765159010887146, 7.4516817927360535, 0.2722618579864502, 0.2438673739488253, 2.4989098310446156e-05, 0.30131420493125916]
IBS total time lapse 6.782861948013306
  328.4772

inparams [2.819550931453705, 0.7756778597831726, 7.447750270366669, 0.2725461721420288, 0.24421129286233662, 2.5747537612919036e-05, 0.30137571692466736]
IBS total time lapse 8.665462017059326
  323.5427

inparams [2.822108268737793, 0.776151716709137, 7.451494336128235, 0.27254047989845276, 0.2422046289998891, 2.5420367717743364e-05, 0.301070436835289]
IBS total time lapse 9.763323068618774
  314.8455

inparams [2.8262564539909363, 0.7764539122581482, 7.453020513057709, 0.27253466844558716, 0.24351001979844086, 2.5286525487888678e-05, 0.30130572617053986]
IBS total time lapse 10.780428409576416
  339.5589

inparams [2.826796770095825, 0.7749250531196594, 7.452059388160706, 0.2722528278827667, 0.24716633435611396, 5.3809791803360874e-05, 0.30103667080402374]
IBS total time lapse 7.25064492225647
  326.0437

inparams [2.822265625, 0.7373046875, 7.451171875, 0.2724609375, 0.2435012147339023, 2.5390625000010214e-05, 0.30126953125]
IBS total time lapse 12.358603477478027
  351.6618

inparams [2.822265625, 0.7763671875, 7.451171875, 0.2685546875, 0.2435012147339023, 2.5390625000010214e-05, 0.30126953125]
IBS total time lapse 6.004696607589722
  322.8529

inparams [2.822265625, 0.7763671875, 7.451171875, 0.2763671875, 0.2435012147339023, 2.5390625000010214e-05, 0.30126953125]
IBS total time lapse 6.958109378814697
  317.4382

inparams [2.822265625, 0.8154296875, 7.451171875, 0.2724609375, 0.2435012147339023, 2.5390625000010214e-05, 0.30126953125]
IBS total time lapse 8.833664894104004
  338.2093

inparams [2.822265625, 0.7763671875, 7.451171875, 0.2724609375, 0.2435012147339023, 0.0019746093749999916, 0.30126953125]
IBS total time lapse 9.545737743377686
  329.7456

inparams [2.783203125, 0.7763671875, 7.451171875, 0.2724609375, 0.2435012147339023, 2.5390625000010214e-05, 0.30126953125]
IBS total time lapse 10.006062269210815
  344.5426

inparams [2.861328125, 0.7763671875, 7.451171875, 0.2724609375, 0.2435012147339023, 2.5390625000010214e-05, 0.30126953125]
IBS total time lapse 8.847155094146729
  313.9844

inparams [2.822265625, 0.7763671875, 7.451171875, 0.2724609375, 0.2435012147339023, 2.5390625000010214e-05, 0.29931640625]
IBS total time lapse 8.279092788696289
  331.4645

inparams [2.822265625, 0.7763671875, 7.451171875, 0.2724609375, 0.2435012147339023, 2.5390625000010214e-05, 0.30322265625]
IBS total time lapse 5.5504584312438965
  306.6818

inparams [2.822265625, 0.7763671875, 7.451171875, 0.2724609375, 0.24859336353431244, 2.5390625000010214e-05, 0.30126953125]
IBS total time lapse 6.704326629638672
  316.3528

inparams [2.822265625, 0.7763671875, 7.451171875, 0.2724609375, 0.2385133727381343, 2.5390625000010214e-05, 0.30126953125]
IBS total time lapse 7.045254230499268
  312.1097

inparams [2.822265625, 0.7763671875, 7.412109375, 0.2724609375, 0.2435012147339023, 2.5390625000010214e-05, 0.30126953125]
IBS total time lapse 5.209192514419556
  297.9192

    15         295         286.489        0.998044      0.00390625             Refine grid      Train
inparams [2.8231900930404663, 0.772319957613945, 7.440341413021088, 0.2724546790122986, 0.24292598139162663, 2.8747834265208105e-05, 0.3014267161488533]
IBS total time lapse 8.952620029449463
  319.6338

inparams [2.8217505663633347, 0.778113380074501, 7.447538003325462, 0.27243560552597046, 0.2430776792155409, 2.1472021937363195e-05, 0.3010067716240883]
IBS total time lapse 7.495487689971924
  290.9905

inparams [2.822767421603203, 0.7807581126689911, 7.449816018342972, 0.2724638283252716, 0.24328607027104546, 2.1981365978696044e-05, 0.30111870914697647]
IBS total time lapse 7.3326826095581055
  323.4575

inparams [2.8212759643793106, 0.7723962515592575, 7.453485801815987, 0.2724468410015106, 0.24308086498318224, 2.5606259703658818e-05, 0.3012046739459038]
IBS total time lapse 9.559410572052002
  314.6093

inparams [2.821959927678108, 0.7787076383829117, 7.447623535990715, 0.2724486216902733, 0.24296147522140737, 3.1948894262334715e-05, 0.3011885695159435]
IBS total time lapse 7.014889240264893
  303.6063

inparams [2.821592688560486, 0.7776719331741333, 7.449728325009346, 0.2724771350622177, 0.24344445085886923, 2.3844003677386816e-05, 0.3018738739192486]
IBS total time lapse 8.479060411453247
  314.7488

inparams [2.8223825991153717, 0.7756449282169342, 7.452883645892143, 0.2724255174398422, 0.24365475299823125, 2.3974128067483225e-05, 0.3012109771370888]
IBS total time lapse 10.796208620071411
  317.8273

inparams [2.822265625, 0.7763671875, 7.431640625, 0.2724609375, 0.2435012147339023, 2.5390625000010214e-05, 0.30126953125]
IBS total time lapse 7.342657089233398
  345.2169

inparams [2.822265625, 0.7763671875, 7.451171875, 0.2724609375, 0.2435012147339023, 2.5390625000010214e-05, 0.30029296875]
IBS total time lapse 8.329673290252686
  322.5275

inparams [2.822265625, 0.7763671875, 7.470703125, 0.2724609375, 0.2435012147339023, 2.5390625000010214e-05, 0.30126953125]
IBS total time lapse 6.638375282287598
  312.8034

inparams [2.802734375, 0.7763671875, 7.451171875, 0.2724609375, 0.2435012147339023, 2.5390625000010214e-05, 0.30126953125]
IBS total time lapse 11.303390264511108
  323.4806

inparams [2.822265625, 0.7763671875, 7.451171875, 0.2705078125, 0.2435012147339023, 2.5390625000010214e-05, 0.30126953125]
IBS total time lapse 6.531307935714722
  326.5737

inparams [2.822265625, 0.7763671875, 7.451171875, 0.2744140625, 0.2435012147339023, 2.5390625000010214e-05, 0.30126953125]
IBS total time lapse 5.74281907081604
  306.1558

inparams [2.822265625, 0.7763671875, 7.451171875, 0.2724609375, 0.2435012147339023, 0.0010000000000000009, 0.30126953125]
IBS total time lapse 9.263067722320557
  317.5644

inparams [2.841796875, 0.7763671875, 7.451171875, 0.2724609375, 0.2435012147339023, 2.5390625000010214e-05, 0.30126953125]
IBS total time lapse 5.373814582824707
  305.6453

inparams [2.822265625, 0.7763671875, 7.451171875, 0.2724609375, 0.24099438995963313, 2.5390625000010214e-05, 0.30126953125]
IBS total time lapse 10.28468656539917
  328.7572

inparams [2.822265625, 0.7763671875, 7.451171875, 0.2724609375, 0.2460341155112267, 2.5390625000010214e-05, 0.30126953125]
IBS total time lapse 7.113483905792236
  321.9427

inparams [2.822265625, 0.7568359375, 7.451171875, 0.2724609375, 0.2435012147339023, 2.5390625000010214e-05, 0.30126953125]
IBS total time lapse 9.313862323760986
  311.5777

inparams [2.822265625, 0.7958984375, 7.451171875, 0.2724609375, 0.2435012147339023, 2.5390625000010214e-05, 0.30126953125]
IBS total time lapse 8.045106887817383
  321.1191

inparams [2.822265625, 0.7763671875, 7.451171875, 0.2724609375, 0.2435012147339023, 2.5390625000010214e-05, 0.30224609375]
IBS total time lapse 8.265584707260132
  328.3588

    16         315           286.4         1.00315      0.00195312             Refine grid      
inparams [2.8225776366889477, 0.7740140706300735, 7.455935161560774, 0.272479061037302, 0.2544996454410189, 2.9335252940632106e-05, 0.3007655255496502]
IBS total time lapse 10.776885032653809
  343.2830

inparams [2.8208039328455925, 0.7805943302810192, 7.450186274945736, 0.27243933640420437, 0.24418506763636927, 2.099149115381005e-05, 0.3010648740455508]
IBS total time lapse 9.77231740951538
  322.5645

inparams [2.8225769847631454, 0.7746920362114906, 7.454595565795898, 0.2724701017141342, 0.2434098737676542, 3.4001141786588196e-05, 0.30115703772753477]
IBS total time lapse 5.872188568115234
  314.4952

inparams [2.8220518678426743, 0.7754762843251228, 7.45066499337554, 0.2724551483988762, 0.2430672202117215, 1.791497878728121e-05, 0.301111264154315]
IBS total time lapse 5.8815529346466064
  308.2153

inparams [2.8217150270938873, 0.778826866298914, 7.453544344753027, 0.2724496051669121, 0.24316559101358648, 2.7494922280324463e-05, 0.30092389788478613]
IBS total time lapse 5.902535438537598
  314.5175

inparams [2.8222950734198093, 0.7752370648086071, 7.452936992049217, 0.2724853400141001, 0.24386694796345607, 2.790481410919199e-05, 0.3012370765209198]
IBS total time lapse 7.426258087158203
  336.4238

inparams [2.8231033496558666, 0.7750492170453072, 7.449779361486435, 0.27245448529720306, 0.24362587064572633, 3.273057006297764e-05, 0.30080119520425797]
IBS total time lapse 12.3007333278656
  337.7304

inparams [2.8125, 0.7763671875, 7.451171875, 0.2724609375, 0.2435012147339023, 2.5390625000010214e-05, 0.30126953125]
IBS total time lapse 9.07656216621399
  346.5207

inparams [2.822265625, 0.7763671875, 7.451171875, 0.271484375, 0.2435012147339023, 2.5390625000010214e-05, 0.30126953125]
IBS total time lapse 6.634058952331543
  298.1493

inparams [2.822265625, 0.7763671875, 7.451171875, 0.2724609375, 0.2435012147339023, 0.0005126953125000056, 0.30126953125]
IBS total time lapse 7.332760334014893
  329.9004

inparams [2.822265625, 0.7763671875, 7.451171875, 0.2734375, 0.2435012147339023, 2.5390625000010214e-05, 0.30126953125]
IBS total time lapse 7.803002595901489
  315.3093

inparams [2.83203125, 0.7763671875, 7.451171875, 0.2724609375, 0.2435012147339023, 2.5390625000010214e-05, 0.30126953125]
IBS total time lapse 5.729271650314331
  318.7624

inparams [2.822265625, 0.7666015625, 7.451171875, 0.2724609375, 0.2435012147339023, 2.5390625000010214e-05, 0.30126953125]
IBS total time lapse 8.486495733261108
  323.3328

inparams [2.822265625, 0.7861328125, 7.451171875, 0.2724609375, 0.2435012147339023, 2.5390625000010214e-05, 0.30126953125]
IBS total time lapse 6.331369638442993
  308.5015

inparams [2.822265625, 0.7763671875, 7.451171875, 0.2724609375, 0.2435012147339023, 2.5390625000010214e-05, 0.3017578125]
IBS total time lapse 4.678345203399658
  308.0447

inparams [2.822265625, 0.7763671875, 7.451171875, 0.2724609375, 0.2435012147339023, 2.5390625000010214e-05, 0.30078125]
IBS total time lapse 6.020442485809326
  325.2252

inparams [2.822265625, 0.7763671875, 7.4609375, 0.2724609375, 0.2435012147339023, 2.5390625000010214e-05, 0.30126953125]
IBS total time lapse 6.866628646850586
  304.5430

inparams [2.822265625, 0.7763671875, 7.451171875, 0.2724609375, 0.24476438873529976, 2.5390625000010214e-05, 0.30126953125]
IBS total time lapse 6.357806444168091
  333.2028

inparams [2.822265625, 0.7763671875, 7.44140625, 0.2724609375, 0.2435012147339023, 2.5390625000010214e-05, 0.30126953125]
IBS total time lapse 8.891986608505249
  338.2461

inparams [2.822265625, 0.7763671875, 7.451171875, 0.2724609375, 0.24224455968963762, 2.5390625000010214e-05, 0.30126953125]
IBS total time lapse 6.370155334472656
  317.7209

    17         335         289.296        0.982824     0.000976562             Refine grid      Train
inparams [2.822340871207416, 0.7753593055531383, 7.451183656230569, 0.27245143009349704, 0.2536526308420551, 1.0337680711458574e-10, 0.3012692490592599]
IBS total time lapse 10.564123153686523
  328.7795

inparams [2.8222484281286597, 0.7776153273880482, 7.451035366393626, 0.27221084013581276, 0.24348666869096375, 1.0337680711458574e-10, 0.30144863529130816]
IBS total time lapse 7.391727924346924
  321.9738

inparams [2.822203109972179, 0.7744757644832134, 7.451062351465225, 0.2724386490881443, 0.2434997722860912, 7.461110502482438e-05, 0.30111053492873907]
IBS total time lapse 10.357645988464355
  306.7847

inparams [2.822414734400809, 0.776106221601367, 7.451392677612603, 0.2720535001717508, 0.24350187498254408, 3.575294138863372e-05, 0.30123715568333864]
IBS total time lapse 7.385825872421265
  302.7909

inparams [2.8222039341926575, 0.7777421362698078, 7.450578426942229, 0.2724516657181084, 0.243536506602033, 3.5119979176656546e-05, 0.3012301006820053]
IBS total time lapse 8.850133657455444
  321.2577

inparams [2.8222768427804112, 0.773795978166163, 7.452010056003928, 0.2725415974855423, 0.2434901529817456, 9.918463136998623e-05, 0.3012866750359535]
IBS total time lapse 7.180485248565674
  331.7507

inparams [2.822298309765756, 0.7781372405588627, 7.450636583380401, 0.27195517998188734, 0.24336113052654856, 7.329452503473943e-05, 0.30126271303743124]
IBS total time lapse 7.884795665740967
  318.5488

inparams [2.8173828125, 0.7763671875, 7.451171875, 0.2724609375, 0.2435012147339023, 2.5390625000010214e-05, 0.30126953125]
IBS total time lapse 6.476333379745483
  331.0499

inparams [2.822265625, 0.7763671875, 7.451171875, 0.2724609375, 0.24287207444888775, 2.5390625000010214e-05, 0.30126953125]
IBS total time lapse 12.195750713348389
  337.3380

inparams [2.8271484375, 0.7763671875, 7.451171875, 0.2724609375, 0.2435012147339023, 2.5390625000010214e-05, 0.30126953125]
IBS total time lapse 8.987609386444092
  316.0982

inparams [2.822265625, 0.7763671875, 7.451171875, 0.2724609375, 0.24413198475547312, 2.5390625000010214e-05, 0.30126953125]
IBS total time lapse 8.259449005126953
  339.4385

inparams [2.822265625, 0.7763671875, 7.4462890625, 0.2724609375, 0.2435012147339023, 2.5390625000010214e-05, 0.30126953125]
IBS total time lapse 7.461469411849976
  329.6707

inparams [2.822265625, 0.7763671875, 7.451171875, 0.2724609375, 0.2435012147339023, 2.5390625000010214e-05, 0.301025390625]
IBS total time lapse 8.813376903533936
  309.5671

inparams [2.822265625, 0.78125, 7.451171875, 0.2724609375, 0.2435012147339023, 2.5390625000010214e-05, 0.30126953125]
IBS total time lapse 6.692408323287964
  311.3058

inparams [2.822265625, 0.7763671875, 7.451171875, 0.27294921875, 0.2435012147339023, 2.5390625000010214e-05, 0.30126953125]
IBS total time lapse 7.227062463760376
  322.7774

inparams [2.822265625, 0.7763671875, 7.451171875, 0.27197265625, 0.2435012147339023, 2.5390625000010214e-05, 0.30126953125]
IBS total time lapse 6.7870192527771
  309.3416

inparams [2.822265625, 0.771484375, 7.451171875, 0.2724609375, 0.2435012147339023, 2.5390625000010214e-05, 0.30126953125]
IBS total time lapse 7.4014363288879395
  300.4138

inparams [2.822265625, 0.7763671875, 7.451171875, 0.2724609375, 0.2435012147339023, 0.00026904296875002176, 0.30126953125]
IBS total time lapse 11.69063663482666
  345.4289

inparams [2.822265625, 0.7763671875, 7.451171875, 0.2724609375, 0.2435012147339023, 2.5390625000010214e-05, 0.301513671875]
IBS total time lapse 6.002260684967041
  275.2381

inparams [2.822265625, 0.7763671875, 7.4560546875, 0.2724609375, 0.2435012147339023, 2.5390625000010214e-05, 0.30126953125]
IBS total time lapse 5.686709642410278
  310.7101

    18         355         289.316        0.982714     0.000488281             Refine grid      
inparams [2.822177419438958, 0.7771058054640889, 7.450749408453703, 0.27226624358445406, 0.2538769287985222, 8.32597305999716e-06, 0.30128077894914895]
IBS total time lapse 6.233617067337036
  314.8689

inparams [2.8222162392921746, 0.776819228194654, 7.450967254117131, 0.27260014705825597, 0.24333583110095391, 4.5285553085250285e-11, 0.30128343391697854]
IBS total time lapse 9.990142345428467
  317.8459

inparams [2.8222510835621506, 0.7751629920676351, 7.451751137850806, 0.2724669628078118, 0.24349635394118288, 8.557873312386999e-06, 0.30127504165284336]
IBS total time lapse 5.213824033737183
  320.4063

inparams [2.822334528900683, 0.7770357141271234, 7.450862892437726, 0.2724097754107788, 0.2435053667003071, 1.5909494715748984e-05, 0.3012961695785634]
IBS total time lapse 7.751208305358887
  301.0622

inparams [2.822315964149311, 0.7768063677940518, 7.450650146929547, 0.27248311415314674, 0.24349154641164536, 0.00010559749824462505, 0.30126483127241954]
IBS total time lapse 9.13451099395752
  319.9009

inparams [2.822302725398913, 0.7783010636921972, 7.451481306925416, 0.2724059240426868, 0.2434993391328774, 3.372178098653977e-05, 0.3012922189082019]
IBS total time lapse 5.837419271469116
  323.2999

inparams [2.82233381876722, 0.7762198732234538, 7.4512624787166715, 0.27243457769509405, 0.2435848683413333, 4.044078872539325e-05, 0.3012873250991106]
IBS total time lapse 5.1612513065338135
  322.5200

inparams [2.822265625, 0.7763671875, 7.451171875, 0.2724609375, 0.2431864411377553, 2.5390625000010214e-05, 0.30126953125]
IBS total time lapse 4.874886512756348
  316.8029

inparams [2.81982421875, 0.7763671875, 7.451171875, 0.2724609375, 0.2435012147339023, 2.5390625000010214e-05, 0.30126953125]
IBS total time lapse 5.629149436950684
  310.9466

inparams [2.822265625, 0.7763671875, 7.45361328125, 0.2724609375, 0.2435012147339023, 2.5390625000010214e-05, 0.30126953125]
IBS total time lapse 6.414085865020752
  325.8188

inparams [2.82470703125, 0.7763671875, 7.451171875, 0.2724609375, 0.2435012147339023, 2.5390625000010214e-05, 0.30126953125]
IBS total time lapse 6.152389049530029
  305.8026

inparams [2.822265625, 0.77392578125, 7.451171875, 0.2724609375, 0.2435012147339023, 2.5390625000010214e-05, 0.30126953125]
IBS total time lapse 7.505169153213501
  321.2680

inparams [2.822265625, 0.77880859375, 7.451171875, 0.2724609375, 0.2435012147339023, 2.5390625000010214e-05, 0.30126953125]
IBS total time lapse 6.053263187408447
  327.1319

inparams [2.822265625, 0.7763671875, 7.451171875, 0.272216796875, 0.2435012147339023, 2.5390625000010214e-05, 0.30126953125]
IBS total time lapse 13.569024562835693
  314.3827

inparams [2.822265625, 0.7763671875, 7.451171875, 0.2724609375, 0.2435012147339023, 2.5390625000010214e-05, 0.3013916015625]
IBS total time lapse 7.5425403118133545
  314.8968

inparams [2.822265625, 0.7763671875, 7.451171875, 0.2724609375, 0.2435012147339023, 2.5390625000010214e-05, 0.3011474609375]
IBS total time lapse 8.39491891860962
  318.8732

inparams [2.822265625, 0.7763671875, 7.451171875, 0.272705078125, 0.2435012147339023, 2.5390625000010214e-05, 0.30126953125]
IBS total time lapse 6.982460975646973
  317.8352

inparams [2.822265625, 0.7763671875, 7.451171875, 0.2724609375, 0.2435012147339023, 0.000147216796875016, 0.30126953125]
IBS total time lapse 6.724722385406494
  308.3891

inparams [2.822265625, 0.7763671875, 7.44873046875, 0.2724609375, 0.2435012147339023, 2.5390625000010214e-05, 0.30126953125]
IBS total time lapse 7.9457457065582275
  330.1723

inparams [2.822265625, 0.7763671875, 7.451171875, 0.2724609375, 0.24381639576401795, 2.5390625000010214e-05, 0.30126953125]
IBS total time lapse 5.472195625305176
  296.0430

    19         375         289.399        0.982539     0.000244141             Refine grid      Train
inparams [2.8222441012621857, 0.776414290885441, 7.450986935291439, 0.2724054273276124, 0.25381939253476815, 2.5381751562247867e-05, 0.30129858970758505]
IBS total time lapse 5.989567041397095
  318.8109

inparams [2.8222484461730346, 0.7763044498278759, 7.45111550000729, 0.2723793078912422, 0.24345007823884857, 2.535331589753609e-05, 0.3012725065636914]
IBS total time lapse 7.582535028457642
  332.6002

inparams [2.8222325243405066, 0.7762194285169244, 7.451246069103945, 0.27246117149479687, 0.24348684988787386, 2.40854163712223e-05, 0.30129656837380026]
IBS total time lapse 9.925551891326904
  347.3007

inparams [2.822241377143655, 0.7764295351807959, 7.450937395624351, 0.27243731141788885, 0.24350927162442776, 2.239931796793604e-05, 0.3013141689298209]
IBS total time lapse 7.480112791061401
  310.8625

inparams [2.8222587137133814, 0.7764147236593999, 7.451092830742709, 0.2725160221452825, 0.24345842798870718, 2.5411566894062432e-05, 0.3012882373150205]
IBS total time lapse 8.219980955123901
  344.2571

inparams [2.822286578884814, 0.7769044622546062, 7.45122701569926, 0.27243968602851965, 0.2435155434026872, 2.411418606063087e-05, 0.30129418964497745]
IBS total time lapse 6.872008323669434
  327.1166

inparams [2.822282918205019, 0.7763158777379431, 7.451269849261735, 0.27244995927321725, 0.2435403555439286, 2.5466027436804595e-05, 0.3012608622229891]
IBS total time lapse 9.121811866760254
  317.5882

inparams [2.821044921875, 0.7763671875, 7.451171875, 0.2724609375, 0.2435012147339023, 2.5390625000010214e-05, 0.30126953125]
IBS total time lapse 7.766122341156006
  313.4276

inparams [2.823486328125, 0.7763671875, 7.451171875, 0.2724609375, 0.2435012147339023, 2.5390625000010214e-05, 0.30126953125]
IBS total time lapse 7.70217490196228
  306.2409

inparams [2.822265625, 0.7763671875, 7.451171875, 0.2724609375, 0.2435012147339023, 8.630371093748535e-05, 0.30126953125]
IBS total time lapse 3.8270153999328613
  282.5165

inparams [2.822265625, 0.7763671875, 7.451171875, 0.2724609375, 0.24334377703951673, 2.5390625000010214e-05, 0.30126953125]
IBS total time lapse 7.000262975692749
  319.8528

inparams [2.822265625, 0.7763671875, 7.451171875, 0.2724609375, 0.2436587542867693, 2.5390625000010214e-05, 0.30126953125]
IBS total time lapse 6.7143919467926025
  306.9970

inparams [2.822265625, 0.7763671875, 7.452392578125, 0.2724609375, 0.2435012147339023, 2.5390625000010214e-05, 0.30126953125]
IBS total time lapse 4.574931859970093
  328.0284

inparams [2.822265625, 0.775146484375, 7.451171875, 0.2724609375, 0.2435012147339023, 2.5390625000010214e-05, 0.30126953125]
IBS total time lapse 7.78861665725708
  320.7717

inparams [2.822265625, 0.777587890625, 7.451171875, 0.2724609375, 0.2435012147339023, 2.5390625000010214e-05, 0.30126953125]
IBS total time lapse 10.37911605834961
  325.7339

inparams [2.822265625, 0.7763671875, 7.451171875, 0.2723388671875, 0.2435012147339023, 2.5390625000010214e-05, 0.30126953125]
IBS total time lapse 6.455473899841309
  320.6103

inparams [2.822265625, 0.7763671875, 7.451171875, 0.2724609375, 0.2435012147339023, 2.5390625000010214e-05, 0.30133056640625]
IBS total time lapse 7.373839616775513
  324.0732

inparams [2.822265625, 0.7763671875, 7.451171875, 0.2724609375, 0.2435012147339023, 2.5390625000010214e-05, 0.30120849609375]
IBS total time lapse 8.67844820022583
  314.2413

inparams [2.822265625, 0.7763671875, 7.451171875, 0.2725830078125, 0.2435012147339023, 2.5390625000010214e-05, 0.30126953125]
IBS total time lapse 6.98758864402771
  349.8636

inparams [2.822265625, 0.7763671875, 7.449951171875, 0.2724609375, 0.2435012147339023, 2.5390625000010214e-05, 0.30126953125]
IBS total time lapse 5.861314058303833
  312.9157

    20         395         289.572         0.98129      0.00012207             Refine grid      
inparams [2.8222557655681157, 0.7763072495436063, 7.451261936221272, 0.27254936496319715, 0.2538077873847475, 2.540156067698529e-05, 0.30127122618068825]
IBS total time lapse 6.94182014465332
  311.0586

inparams [2.822240591121954, 0.7762506453582318, 7.4510227410064545, 0.27245240927732084, 0.24349245270668193, 2.4578277021625183e-05, 0.3013030521760811]
IBS total time lapse 7.968413829803467
  323.3910

inparams [2.82226316339802, 0.7763801960390992, 7.4512090111966245, 0.2724308673714404, 0.24349453098119328, 2.565480220073635e-05, 0.3012672313307121]
IBS total time lapse 8.63074779510498
  331.7438

inparams [2.8222620709857438, 0.7764496882009553, 7.451349669063347, 0.2724392136660754, 0.2434957041644512, 2.3854935723655046e-05, 0.30126890500832815]
IBS total time lapse 6.3832762241363525
  327.2257

inparams [2.8222633902623784, 0.7763081780285574, 7.45121901629318, 0.2724037755688187, 0.24349907170733656, 2.5265619900904923e-05, 0.30125231791316764]
IBS total time lapse 7.544708728790283
  333.8966

inparams [2.822266100993147, 0.7763767616415862, 7.451215625478653, 0.27240081869240385, 0.24349776575799673, 2.5646538721058043e-05, 0.3012736875352857]
IBS total time lapse 7.222465753555298
  327.9041

inparams [2.822259451932041, 0.7764404652698431, 7.451306762886816, 0.2724245362987858, 0.24349725109249892, 2.5767550047017806e-05, 0.30127738177907304]
IBS total time lapse 9.234254598617554
  321.4545

inparams [2.8228759765625, 0.7763671875, 7.451171875, 0.2724609375, 0.2435012147339023, 2.5390625000010214e-05, 0.30126953125]
IBS total time lapse 11.386740684509277
  339.5647

inparams [2.822265625, 0.7763671875, 7.451171875, 0.2724609375, 0.24342248315851642, 2.5390625000010214e-05, 0.30126953125]
IBS total time lapse 6.35489559173584
  309.8653

inparams [2.822265625, 0.7757568359375, 7.451171875, 0.2724609375, 0.2435012147339023, 2.5390625000010214e-05, 0.30126953125]
IBS total time lapse 5.556593894958496
  320.7893

inparams [2.822265625, 0.7763671875, 7.451171875, 0.27239990234375, 0.2435012147339023, 2.5390625000010214e-05, 0.30126953125]
IBS total time lapse 5.653457880020142
  310.4333

inparams [2.822265625, 0.7763671875, 7.4517822265625, 0.2724609375, 0.2435012147339023, 2.5390625000010214e-05, 0.30126953125]
IBS total time lapse 6.592995882034302
  295.4102

inparams [2.822265625, 0.7763671875, 7.451171875, 0.2724609375, 0.2435012147339023, 2.5390625000010214e-05, 0.301239013671875]
IBS total time lapse 7.093652963638306
  316.9977

inparams [2.822265625, 0.7763671875, 7.451171875, 0.2724609375, 0.2435012147339023, 2.5390625000010214e-05, 0.301300048828125]
IBS total time lapse 10.197662115097046
  330.1684

inparams [2.822265625, 0.7763671875, 7.4505615234375, 0.2724609375, 0.2435012147339023, 2.5390625000010214e-05, 0.30126953125]
IBS total time lapse 5.870652675628662
  304.9507

inparams [2.822265625, 0.7763671875, 7.451171875, 0.27252197265625, 0.2435012147339023, 2.5390625000010214e-05, 0.30126953125]
IBS total time lapse 8.313081741333008
  293.0592

inparams [2.822265625, 0.7769775390625, 7.451171875, 0.2724609375, 0.2435012147339023, 2.5390625000010214e-05, 0.30126953125]
IBS total time lapse 6.067473649978638
  325.0004

inparams [2.822265625, 0.7763671875, 7.451171875, 0.2724609375, 0.2435012147339023, 5.584716796874778e-05, 0.30126953125]
IBS total time lapse 7.6993279457092285
  338.6609

inparams [2.822265625, 0.7763671875, 7.451171875, 0.2724609375, 0.2435799717739079, 2.5390625000010214e-05, 0.30126953125]
IBS total time lapse 7.412096261978149
  307.4589

inparams [2.8216552734375, 0.7763671875, 7.451171875, 0.2724609375, 0.2435012147339023, 2.5390625000010214e-05, 0.30126953125]
IBS total time lapse 7.356912612915039
  304.5990

    21         415          299.99        0.779346     6.10352e-05             Refine grid      
inparams [2.8222582468333712, 0.7764980001593358, 7.490204170753714, 0.14749314699110982, 0.25378901370123613, 2.5519512228122654e-05, 0.30122793407736026]
IBS total time lapse 7.857125282287598
  334.2621

inparams [2.8222564987481746, 0.7762967942471732, 7.451164112426341, 0.2724758387175825, 0.2434960296111181, 2.662213126858326e-05, 0.30124971195891703]
IBS total time lapse 6.978821039199829
  346.9532

inparams [2.8222567611010163, 0.7763462799266563, 7.451168283296283, 0.27243991885370633, 0.24349829602332995, 2.555863032832617e-05, 0.3012612139900739]
IBS total time lapse 4.94002103805542
  321.7189

inparams [2.822291878874239, 0.7763343134683964, 7.451146152889123, 0.27244050620538474, 0.2434988092149369, 2.5960552764436873e-05, 0.3012666639951931]
IBS total time lapse 7.352250576019287
  321.8867

inparams [2.8222323505178792, 0.7763048664673988, 7.451176013037184, 0.27244816403253935, 0.24349831032433392, 2.5672114299601922e-05, 0.30126382580874633]
IBS total time lapse 9.648216247558594
  331.2728

inparams [2.8222757114599517, 0.7763156217151845, 7.4511597804303165, 0.27243637893298, 0.2434973262886198, 2.5784815854412724e-05, 0.3012686614520135]
IBS total time lapse 10.349659442901611
  318.3140

inparams [2.8222641094544088, 0.7763777517357084, 7.451133774120535, 0.27244118304406584, 0.2434946037664138, 2.5379783721302118e-05, 0.30125947517808527]
IBS total time lapse 6.041800498962402
  311.9876

inparams [2.82257080078125, 0.7763671875, 7.451171875, 0.2724609375, 0.2435012147339023, 2.5390625000010214e-05, 0.30126953125]
IBS total time lapse 8.800627946853638
  313.5643

inparams [2.822265625, 0.7763671875, 7.451171875, 0.2724609375, 0.2435012147339023, 1.0162353515641431e-05, 0.30126953125]
IBS total time lapse 8.447500228881836
  328.6385

inparams [2.822265625, 0.7763671875, 7.451171875, 0.2724609375, 0.24346184576364654, 2.5390625000010214e-05, 0.30126953125]
IBS total time lapse 11.012866497039795
  327.5506

inparams [2.822265625, 0.77606201171875, 7.451171875, 0.2724609375, 0.2435012147339023, 2.5390625000010214e-05, 0.30126953125]
IBS total time lapse 6.290922403335571
  317.5904

inparams [2.822265625, 0.7763671875, 7.451171875, 0.272430419921875, 0.2435012147339023, 2.5390625000010214e-05, 0.30126953125]
IBS total time lapse 9.21873688697815
  332.8765

inparams [2.822265625, 0.7763671875, 7.45147705078125, 0.2724609375, 0.2435012147339023, 2.5390625000010214e-05, 0.30126953125]
IBS total time lapse 5.851130485534668
  318.1023

inparams [2.822265625, 0.7763671875, 7.451171875, 0.2724609375, 0.2435012147339023, 2.5390625000010214e-05, 0.3012542724609375]
IBS total time lapse 10.253246545791626
  324.4061

inparams [2.822265625, 0.7763671875, 7.451171875, 0.2724609375, 0.2435012147339023, 2.5390625000010214e-05, 0.3012847900390625]
IBS total time lapse 10.238308906555176
  319.8453

inparams [2.822265625, 0.7763671875, 7.45086669921875, 0.2724609375, 0.2435012147339023, 2.5390625000010214e-05, 0.30126953125]
IBS total time lapse 6.080822944641113
  312.4127

inparams [2.822265625, 0.7763671875, 7.451171875, 0.272491455078125, 0.2435012147339023, 2.5390625000010214e-05, 0.30126953125]
IBS total time lapse 4.722149610519409
  306.0925

inparams [2.822265625, 0.7763671875, 7.451171875, 0.2724609375, 0.2435012147339023, 4.0618896484379e-05, 0.30126953125]
IBS total time lapse 7.688762426376343
  333.2478

inparams [2.822265625, 0.7763671875, 7.451171875, 0.2724609375, 0.24354059007031295, 2.5390625000010214e-05, 0.30126953125]
IBS total time lapse 6.40520167350769
  320.5924

inparams [2.822265625, 0.77667236328125, 7.451171875, 0.2724609375, 0.2435012147339023, 2.5390625000010214e-05, 0.30126953125]
IBS total time lapse 7.420194625854492
  304.6176

inparams [2.82196044921875, 0.7763671875, 7.451171875, 0.2724609375, 0.2435012147339023, 2.5390625000010214e-05, 0.30126953125]
IBS total time lapse 6.899709701538086
  308.3301

    22         436         298.882        0.646378     3.05176e-05             Refine grid      Train
inparams [2.8222951697853205, 0.7763622897300593, 7.490214739746079, 0.27245875673725095, 0.25379873900226013, 2.548323991824475e-05, 0.30127020337499744]
IBS total time lapse 8.698732852935791
  339.1119

inparams [2.822265625, 0.7763671875, 7.451171875, 0.2724609375, 0.2537920004252804, 2.5390625000010214e-05, 0.30126953125]
IBS total time lapse 5.762053966522217
  340.2362

inparams [2.822265625, 0.7763671875, 7.451171875, 0.2724609375, 0.2537920004252804, 2.5390625000010214e-05, 0.30126953125]
IBS total time lapse 4.785440444946289
  305.2288

inparams [2.822265625, 0.7763671875, 7.451171875, 0.2724609375, 0.2537920004252804, 2.5390625000010214e-05, 0.30126953125]
IBS total time lapse 4.867030143737793
  310.2196

inparams [2.822265625, 0.7763671875, 7.451171875, 0.2724609375, 0.2537920004252804, 2.5390625000010214e-05, 0.30126953125]
IBS total time lapse 7.293775796890259
  295.8105

inparams [2.822265625, 0.7763671875, 7.451171875, 0.2724609375, 0.2537920004252804, 2.5390625000010214e-05, 0.30126953125]
IBS total time lapse 6.861696481704712
  322.1150

inparams [2.822265625, 0.7763671875, 7.451171875, 0.2724609375, 0.2537920004252804, 2.5390625000010214e-05, 0.30126953125]
IBS total time lapse 8.14239239692688
  306.7757

inparams [2.822265625, 0.7763671875, 7.451171875, 0.2724609375, 0.2537920004252804, 2.5390625000010214e-05, 0.30126953125]
IBS total time lapse 8.148316860198975
  333.2808

inparams [2.822265625, 0.7763671875, 7.451171875, 0.2724609375, 0.2537920004252804, 2.5390625000010214e-05, 0.30126953125]
IBS total time lapse 6.9282448291778564
  295.7039

inparams [2.822265625, 0.7763671875, 7.451171875, 0.2724609375, 0.2537920004252804, 2.5390625000010214e-05, 0.30126953125]
IBS total time lapse 4.571345806121826
  313.6242

inparams [2.822265625, 0.7763671875, 7.451171875, 0.2724609375, 0.2537920004252804, 2.5390625000010214e-05, 0.30126953125]
IBS total time lapse 8.928112745285034
  310.5915


Optimization terminated: change in the function value less than OPTIONS.TolFun.
Estimated function value at minimum: 313.359  4.64592 (mean  SEM from 10 samples).

>> >> Elapsed time is 9.258548 seconds.
>> >> >> >> >> 